2026-01-02 21:33:51.372+0000 INFO  Logging config in use: File '/var/lib/neo4j/conf/user-logs.xml'
2026-01-02 21:33:51.415+0000 INFO  Starting...
2026-01-02 21:33:53.208+0000 INFO  This instance is ServerId{e7109a9a} (e7109a9a-100a-40ed-ac48-09dd360c8bec)
2026-01-02 21:33:55.249+0000 INFO  ======== Neo4j 2025.11.2 ========
2026-01-02 21:33:58.550+0000 INFO  Anonymous Usage Data is being sent to Neo4j, see https://neo4j.com/docs/usage-data/
2026-01-02 21:34:00.502+0000 INFO  Bolt enabled on 0.0.0.0:7687.
2026-01-02 21:34:02.089+0000 INFO  HTTP enabled on 0.0.0.0:7474.
2026-01-02 21:34:02.095+0000 INFO  Remote interface available at http://localhost:7474/
2026-01-02 21:34:02.101+0000 INFO  id: D6A51337CF54679202087C262B73C373307C31D63D81B3374AAD00A144F805BB
2026-01-02 21:34:02.102+0000 INFO  name: system
2026-01-02 21:34:02.103+0000 INFO  creationDate: 2026-01-02T21:33:57.114Z
2026-01-02 21:34:02.104+0000 INFO  Started.
2026-01-02 21:34:58.348+0000 INFO  Neo4j Server shutdown initiated by request
2026-01-02 21:34:58.349+0000 INFO  Stopping...
2026-01-02 21:35:48.049+0000 INFO  Logging config in use: File '/var/lib/neo4j/conf/user-logs.xml'
2026-01-02 21:35:48.085+0000 INFO  Starting...
2026-01-02 21:35:49.426+0000 INFO  This instance is ServerId{e7109a9a} (e7109a9a-100a-40ed-ac48-09dd360c8bec)
2026-01-02 21:35:51.245+0000 INFO  ======== Neo4j 2025.11.2 ========
2026-01-02 21:35:53.287+0000 INFO  Anonymous Usage Data is being sent to Neo4j, see https://neo4j.com/docs/usage-data/
2026-01-02 21:35:53.547+0000 INFO  Bolt enabled on 0.0.0.0:7687.
2026-01-02 21:35:54.582+0000 INFO  HTTP enabled on 0.0.0.0:7474.
2026-01-02 21:35:54.583+0000 INFO  Remote interface available at http://localhost:7474/
2026-01-02 21:35:54.587+0000 INFO  id: D6A51337CF54679202087C262B73C373307C31D63D81B3374AAD00A144F805BB
2026-01-02 21:35:54.587+0000 INFO  name: system
2026-01-02 21:35:54.588+0000 INFO  creationDate: 2026-01-02T21:33:57.114Z
2026-01-02 21:35:54.588+0000 INFO  Started.
2026-01-03 12:34:31.370+0000 INFO  Logging config in use: File '/var/lib/neo4j/conf/user-logs.xml'
2026-01-03 12:34:31.590+0000 INFO  Starting...
2026-01-03 12:34:29.233+0000 INFO  This instance is ServerId{e7109a9a} (e7109a9a-100a-40ed-ac48-09dd360c8bec)
2026-01-03 12:34:33.531+0000 INFO  ======== Neo4j 2025.11.2 ========
2026-01-03 12:34:38.936+0000 INFO  Anonymous Usage Data is being sent to Neo4j, see https://neo4j.com/docs/usage-data/
2026-01-03 12:34:39.507+0000 INFO  Bolt enabled on 0.0.0.0:7687.
2026-01-03 12:34:41.113+0000 INFO  HTTP enabled on 0.0.0.0:7474.
2026-01-03 12:34:41.114+0000 INFO  Remote interface available at http://localhost:7474/
2026-01-03 12:34:41.118+0000 INFO  id: D6A51337CF54679202087C262B73C373307C31D63D81B3374AAD00A144F805BB
2026-01-03 12:34:41.119+0000 INFO  name: system
2026-01-03 12:34:41.120+0000 INFO  creationDate: 2026-01-02T21:33:57.114Z
2026-01-03 12:34:41.120+0000 INFO  Started.
